d:\visualstudio\source\repos\b4b3-rat\stub\release\vc142.pdb
d:\visualstudio\source\repos\b4b3-rat\stub\release\winmain.obj
d:\visualstudio\source\repos\b4b3-rat\stub\release\telegram.obj
d:\visualstudio\source\repos\b4b3-rat\stub\release\servicemanager.obj
d:\visualstudio\source\repos\b4b3-rat\stub\release\screentool.obj
d:\visualstudio\source\repos\b4b3-rat\stub\release\requests.obj
d:\visualstudio\source\repos\b4b3-rat\stub\release\protector.obj
d:\visualstudio\source\repos\b4b3-rat\stub\release\processmanager.obj
d:\visualstudio\source\repos\b4b3-rat\stub\release\prntsc.obj
d:\visualstudio\source\repos\b4b3-rat\stub\release\manager.obj
d:\visualstudio\source\repos\b4b3-rat\stub\release\information.obj
d:\visualstudio\source\repos\b4b3-rat\stub\release\filemanager.obj
d:\visualstudio\source\repos\b4b3-rat\stub\release\filecryptor.obj
d:\visualstudio\source\repos\b4b3-rat\stub\release\botnet.obj
d:\visualstudio\source\repos\b4b3-rat\release\stub.exe
d:\visualstudio\source\repos\b4b3-rat\release\stub.pdb
d:\visualstudio\source\repos\b4b3-rat\release\stub.ipdb
d:\visualstudio\source\repos\b4b3-rat\release\stub.iobj
d:\visualstudio\source\repos\b4b3-rat\stub\release\stub.tlog\cl.command.1.tlog
d:\visualstudio\source\repos\b4b3-rat\stub\release\stub.tlog\cl.read.1.tlog
d:\visualstudio\source\repos\b4b3-rat\stub\release\stub.tlog\cl.write.1.tlog
d:\visualstudio\source\repos\b4b3-rat\stub\release\stub.tlog\link.command.1.tlog
d:\visualstudio\source\repos\b4b3-rat\stub\release\stub.tlog\link.read.1.tlog
d:\visualstudio\source\repos\b4b3-rat\stub\release\stub.tlog\link.write.1.tlog
d:\visualstudio\source\repos\b4b3-rat\stub\release\stub.tlog\stub.write.1u.tlog
