  BotNet.cpp
D:\VisualStudio\source\repos\B4B3-RAT\Stub\BotNet.cpp(38,70): warning C4191: приведение типов: небезопасное преобразование "void (__cdecl *)(LPVOID)" в "LPTHREAD_START_ROUTINE"
           Вызов этой функции через результирующий указатель может вызвать сбой программы
  FileCryptor.cpp
  FileManager.cpp
  Information.cpp
  Manager.cpp
  PrntSc.cpp
  ProcessManager.cpp
  Protector.cpp
  Requests.cpp
  ScreenTool.cpp
  ServiceManager.cpp
  Telegram.cpp
  WinMain.cpp
D:\VisualStudio\source\repos\B4B3-RAT\Stub\WinMain.cpp(112,71): warning C4191: приведение типов: небезопасное преобразование "void (__cdecl *)(void)" в "LPTHREAD_START_ROUTINE"
           Вызов этой функции через результирующий указатель может вызвать сбой программы
  Создание кода
  Previous IPDB not found, fall back to full compilation.
  All 1896 functions were compiled because no usable IPDB/IOBJ from previous compilation was found.
  Создание кода завершено
  Stub.vcxproj -> D:\VisualStudio\source\repos\B4B3-RAT\Release\Stub.exe
