d:\visualstudio\source\repos\b4b3-rat\release\builder.ipdb
d:\visualstudio\source\repos\b4b3-rat\release\builder.iobj
d:\visualstudio\source\repos\b4b3-rat\builder\release\vc142.pdb
d:\visualstudio\source\repos\b4b3-rat\builder\release\winmain.obj
d:\visualstudio\source\repos\b4b3-rat\builder\release\requests.obj
d:\visualstudio\source\repos\b4b3-rat\builder\release\manager.obj
d:\visualstudio\source\repos\b4b3-rat\builder\release\dlgproc.obj
d:\visualstudio\source\repos\b4b3-rat\builder\release\builder.obj
d:\visualstudio\source\repos\b4b3-rat\release\builder.exe
d:\visualstudio\source\repos\b4b3-rat\release\builder.pdb
d:\visualstudio\source\repos\b4b3-rat\builder\release\builder.res
d:\visualstudio\source\repos\b4b3-rat\builder\release\builder.tlog\builder.write.1u.tlog
d:\visualstudio\source\repos\b4b3-rat\builder\release\builder.tlog\cl.command.1.tlog
d:\visualstudio\source\repos\b4b3-rat\builder\release\builder.tlog\cl.read.1.tlog
d:\visualstudio\source\repos\b4b3-rat\builder\release\builder.tlog\cl.write.1.tlog
d:\visualstudio\source\repos\b4b3-rat\builder\release\builder.tlog\link.command.1.tlog
d:\visualstudio\source\repos\b4b3-rat\builder\release\builder.tlog\link.read.1.tlog
d:\visualstudio\source\repos\b4b3-rat\builder\release\builder.tlog\link.write.1.tlog
d:\visualstudio\source\repos\b4b3-rat\builder\release\builder.tlog\rc.command.1.tlog
d:\visualstudio\source\repos\b4b3-rat\builder\release\builder.tlog\rc.read.1.tlog
d:\visualstudio\source\repos\b4b3-rat\builder\release\builder.tlog\rc.write.1.tlog
